<?xml version="1.0" encoding="UTF-8"?>
<!-- Generated by org.testng.reporters.JUnitReportReporter -->
<testsuite skipped="0" hostname="MC0XHP2C" name="restassured.restassured.PostTest" tests="1" failures="0" timestamp="25 Apr 2019 03:52:19 GMT" time="1.971" errors="0">
  <testcase name="testRestA" time="1.971" classname="restassured.restassured.PostTest"/>
</testsuite> <!-- restassured.restassured.PostTest -->
